2018-05-09 11:36:22,072  INFO BasicApplication:48 -Starting BasicApplication on PC-20151125WOSC with PID 9968 (E:\idea\basic\target\classes started by Administrator in E:\idea\basic)
2018-05-09 11:36:22,089  INFO BasicApplication:597 -The following profiles are active: local
2018-05-09 11:36:22,372  INFO Version:30 -HV000001: Hibernate Validator 5.3.6.Final
2018-05-09 11:36:22,459  INFO AnnotationConfigEmbeddedWebApplicationContext:583 -Refreshing org.springframework.boot.context.embedded.AnnotationConfigEmbeddedWebApplicationContext@2eddf42: startup date [Wed May 09 11:36:22 CST 2018]; root of context hierarchy
2018-05-09 11:36:24,658  INFO RepositoryConfigurationDelegate:165 -Multiple Spring Data modules found, entering strict repository configuration mode!
2018-05-09 11:36:25,197  INFO PostProcessorRegistrationDelegate$BeanPostProcessorChecker:327 -Bean 'shiroConfig' of type [com.xh.basic.config.ShiroConfig$$EnhancerBySpringCGLIB$$10771c06] is not eligible for getting processed by all BeanPostProcessors (for example: not eligible for auto-proxying)
2018-05-09 11:36:25,258  INFO PostProcessorRegistrationDelegate$BeanPostProcessorChecker:327 -Bean 'druidConfig' of type [com.xh.basic.datasource.config.DruidConfig$$EnhancerBySpringCGLIB$$69a068de] is not eligible for getting processed by all BeanPostProcessors (for example: not eligible for auto-proxying)
2018-05-09 11:36:25,497  INFO PostProcessorRegistrationDelegate$BeanPostProcessorChecker:327 -Bean 'spring.datasource-org.springframework.boot.autoconfigure.jdbc.DataSourceProperties' of type [org.springframework.boot.autoconfigure.jdbc.DataSourceProperties] is not eligible for getting processed by all BeanPostProcessors (for example: not eligible for auto-proxying)
2018-05-09 11:36:25,500  INFO PostProcessorRegistrationDelegate$BeanPostProcessorChecker:327 -Bean 'com.alibaba.druid.spring.boot.autoconfigure.stat.DruidFilterConfiguration' of type [com.alibaba.druid.spring.boot.autoconfigure.stat.DruidFilterConfiguration] is not eligible for getting processed by all BeanPostProcessors (for example: not eligible for auto-proxying)
2018-05-09 11:36:25,861  INFO PostProcessorRegistrationDelegate$BeanPostProcessorChecker:327 -Bean 'statFilter' of type [com.alibaba.druid.filter.stat.StatFilter] is not eligible for getting processed by all BeanPostProcessors (for example: not eligible for auto-proxying)
2018-05-09 11:36:25,898  INFO PostProcessorRegistrationDelegate$BeanPostProcessorChecker:327 -Bean 'wallConfig' of type [com.alibaba.druid.wall.WallConfig] is not eligible for getting processed by all BeanPostProcessors (for example: not eligible for auto-proxying)
2018-05-09 11:36:25,996  INFO PostProcessorRegistrationDelegate$BeanPostProcessorChecker:327 -Bean 'wallFilter' of type [com.alibaba.druid.wall.WallFilter] is not eligible for getting processed by all BeanPostProcessors (for example: not eligible for auto-proxying)
2018-05-09 11:36:26,234  INFO PostProcessorRegistrationDelegate$BeanPostProcessorChecker:327 -Bean 'primaryDataSource' of type [com.alibaba.druid.spring.boot.autoconfigure.DruidDataSourceWrapper] is not eligible for getting processed by all BeanPostProcessors (for example: not eligible for auto-proxying)
2018-05-09 11:36:26,414  INFO PostProcessorRegistrationDelegate$BeanPostProcessorChecker:327 -Bean 'slaveDataSource' of type [com.alibaba.druid.spring.boot.autoconfigure.DruidDataSourceWrapper] is not eligible for getting processed by all BeanPostProcessors (for example: not eligible for auto-proxying)
2018-05-09 11:36:26,418  INFO PostProcessorRegistrationDelegate$BeanPostProcessorChecker:327 -Bean 'dynamicDataSource' of type [com.xh.basic.datasource.DynamicDataSource] is not eligible for getting processed by all BeanPostProcessors (for example: not eligible for auto-proxying)
2018-05-09 11:36:26,419  INFO PostProcessorRegistrationDelegate$BeanPostProcessorChecker:327 -Bean 'sessionFactoryConfig' of type [com.xh.basic.datasource.config.SessionFactoryConfig$$EnhancerBySpringCGLIB$$8341ad18] is not eligible for getting processed by all BeanPostProcessors (for example: not eligible for auto-proxying)
2018-05-09 11:36:26,421  INFO SessionFactoryConfig:42 -createSqlSessionFactoryBean method
2018-05-09 11:36:27,212  INFO PostProcessorRegistrationDelegate$BeanPostProcessorChecker:327 -Bean 'sqlSessionFactory' of type [org.mybatis.spring.SqlSessionFactoryBean] is not eligible for getting processed by all BeanPostProcessors (for example: not eligible for auto-proxying)
2018-05-09 11:36:27,213  INFO PostProcessorRegistrationDelegate$BeanPostProcessorChecker:327 -Bean 'sqlSessionFactory' of type [org.apache.ibatis.session.defaults.DefaultSqlSessionFactory] is not eligible for getting processed by all BeanPostProcessors (for example: not eligible for auto-proxying)
2018-05-09 11:36:27,221  INFO PostProcessorRegistrationDelegate$BeanPostProcessorChecker:327 -Bean 'sqlSessionTemplate' of type [org.mybatis.spring.SqlSessionTemplate] is not eligible for getting processed by all BeanPostProcessors (for example: not eligible for auto-proxying)
2018-05-09 11:36:27,222  INFO PostProcessorRegistrationDelegate$BeanPostProcessorChecker:327 -Bean 'userMapper' of type [org.mybatis.spring.mapper.MapperFactoryBean] is not eligible for getting processed by all BeanPostProcessors (for example: not eligible for auto-proxying)
2018-05-09 11:36:27,240  INFO PostProcessorRegistrationDelegate$BeanPostProcessorChecker:327 -Bean 'userMapper' of type [com.sun.proxy.$Proxy61] is not eligible for getting processed by all BeanPostProcessors (for example: not eligible for auto-proxying)
2018-05-09 11:36:27,250  INFO PostProcessorRegistrationDelegate$BeanPostProcessorChecker:327 -Bean 'customRealm' of type [com.xh.basic.shiro.CustomRealm] is not eligible for getting processed by all BeanPostProcessors (for example: not eligible for auto-proxying)
2018-05-09 11:36:27,485  INFO PostProcessorRegistrationDelegate$BeanPostProcessorChecker:327 -Bean 'securityManager' of type [org.apache.shiro.web.mgt.DefaultWebSecurityManager] is not eligible for getting processed by all BeanPostProcessors (for example: not eligible for auto-proxying)
2018-05-09 11:36:27,837  INFO PostProcessorRegistrationDelegate$BeanPostProcessorChecker:327 -Bean 'authorizationAttributeSourceAdvisor' of type [org.apache.shiro.spring.security.interceptor.AuthorizationAttributeSourceAdvisor] is not eligible for getting processed by all BeanPostProcessors (for example: not eligible for auto-proxying)
2018-05-09 11:36:27,913  INFO PostProcessorRegistrationDelegate$BeanPostProcessorChecker:327 -Bean 'org.springframework.transaction.annotation.ProxyTransactionManagementConfiguration' of type [org.springframework.transaction.annotation.ProxyTransactionManagementConfiguration$$EnhancerBySpringCGLIB$$d69265c9] is not eligible for getting processed by all BeanPostProcessors (for example: not eligible for auto-proxying)
2018-05-09 11:36:28,832  INFO TomcatEmbeddedServletContainer:89 -Tomcat initialized with port(s): 8080 (http)
2018-05-09 11:36:28,918  INFO ContextLoader:276 -Root WebApplicationContext: initialization completed in 6468 ms
2018-05-09 11:36:29,198  INFO ServletRegistrationBean:190 -Mapping servlet: 'dispatcherServlet' to [/]
2018-05-09 11:36:29,199  INFO ServletRegistrationBean:190 -Mapping servlet: 'statViewServlet' to [/druid/*]
2018-05-09 11:36:29,201  INFO FilterRegistrationBean:258 -Mapping filter: 'characterEncodingFilter' to: [/*]
2018-05-09 11:36:29,202  INFO FilterRegistrationBean:258 -Mapping filter: 'hiddenHttpMethodFilter' to: [/*]
2018-05-09 11:36:29,202  INFO FilterRegistrationBean:258 -Mapping filter: 'httpPutFormContentFilter' to: [/*]
2018-05-09 11:36:29,202  INFO FilterRegistrationBean:258 -Mapping filter: 'requestContextFilter' to: [/*]
2018-05-09 11:36:29,202  INFO FilterRegistrationBean:271 -Mapping filter: 'webStatFilter' to urls: [/*]
2018-05-09 11:36:29,202  INFO FilterRegistrationBean:258 -Mapping filter: 'factory' to: [/*]
2018-05-09 11:36:29,592  INFO ThreadPoolTaskExecutor:165 -Initializing ExecutorService  'taskExecutor'
2018-05-09 11:36:30,056  INFO RequestMappingHandlerAdapter:534 -Looking for @ControllerAdvice: org.springframework.boot.context.embedded.AnnotationConfigEmbeddedWebApplicationContext@2eddf42: startup date [Wed May 09 11:36:22 CST 2018]; root of context hierarchy
2018-05-09 11:36:30,132  INFO RequestMappingHandlerMapping:543 -Mapped "{[/admin/getMessage],methods=[GET]}" onto public com.xh.basic.bean.Resp com.xh.basic.controller.AdminController.getMessage()
2018-05-09 11:36:30,133  INFO RequestMappingHandlerMapping:543 -Mapped "{[/admin/getUser],methods=[GET]}" onto public com.xh.basic.bean.Resp com.xh.basic.controller.AdminController.getUser()
2018-05-09 11:36:30,134  INFO RequestMappingHandlerMapping:543 -Mapped "{[/admin/banUser],methods=[POST]}" onto public com.xh.basic.bean.Resp com.xh.basic.controller.AdminController.updateStatus(java.lang.String)
2018-05-09 11:36:30,134  INFO RequestMappingHandlerMapping:543 -Mapped "{[/files/{filename:.+}],methods=[GET]}" onto public org.springframework.http.ResponseEntity<org.springframework.core.io.Resource> com.xh.basic.controller.FileUploadController.serverFile(java.lang.String)
2018-05-09 11:36:30,135  INFO RequestMappingHandlerMapping:543 -Mapped "{[/],methods=[GET]}" onto public java.lang.String com.xh.basic.controller.FileUploadController.listUploadFiles(org.springframework.ui.Model) throws java.io.IOException
2018-05-09 11:36:30,135  INFO RequestMappingHandlerMapping:543 -Mapped "{[/],methods=[POST]}" onto public java.lang.String com.xh.basic.controller.FileUploadController.handleFileUpload(org.springframework.web.multipart.MultipartFile,org.springframework.web.servlet.mvc.support.RedirectAttributes)
2018-05-09 11:36:30,136  INFO RequestMappingHandlerMapping:543 -Mapped "{[/guest/getMessage],methods=[GET]}" onto public com.xh.basic.bean.Resp com.xh.basic.controller.GuestController.submitLogin()
2018-05-09 11:36:30,136  INFO RequestMappingHandlerMapping:543 -Mapped "{[/guest/enter],methods=[GET]}" onto public com.xh.basic.bean.Resp com.xh.basic.controller.GuestController.login()
2018-05-09 11:36:30,136  INFO RequestMappingHandlerMapping:543 -Mapped "{[/login],methods=[POST]}" onto public com.xh.basic.bean.Resp com.xh.basic.controller.LoginController.login(java.lang.String,java.lang.String)
2018-05-09 11:36:30,136  INFO RequestMappingHandlerMapping:543 -Mapped "{[/unauthorized/{message}]}" onto public com.xh.basic.bean.Resp com.xh.basic.controller.LoginController.unauthorized(java.lang.String) throws java.io.UnsupportedEncodingException
2018-05-09 11:36:30,137  INFO RequestMappingHandlerMapping:543 -Mapped "{[/user/getMessage],methods=[GET]}" onto public com.xh.basic.bean.Resp com.xh.basic.controller.UserController.getMessage()
2018-05-09 11:36:30,138  INFO RequestMappingHandlerMapping:543 -Mapped "{[/userInfo/hello],methods=[POST]}" onto public com.xh.basic.bean.ResponseBean com.xh.basic.controller.UserInfoController.hello()
2018-05-09 11:36:30,138  INFO RequestMappingHandlerMapping:543 -Mapped "{[/userInfo/selectById],methods=[POST]}" onto public com.xh.basic.bean.ResponseBean com.xh.basic.controller.UserInfoController.selectById(java.lang.Integer)
2018-05-09 11:36:30,139  INFO RequestMappingHandlerMapping:543 -Mapped "{[/userInfo/selectByUserName],methods=[POST]}" onto public com.xh.basic.bean.ResponseBean com.xh.basic.controller.UserInfoController.selectByUserName(java.lang.String)
2018-05-09 11:36:30,139  INFO RequestMappingHandlerMapping:543 -Mapped "{[/userInfo/jsonRst],methods=[GET]}" onto public com.xh.basic.bean.Resp com.xh.basic.controller.UserInfoController.getJsonRst()
2018-05-09 11:36:30,140  INFO RequestMappingHandlerMapping:543 -Mapped "{[/error]}" onto public org.springframework.http.ResponseEntity<java.util.Map<java.lang.String, java.lang.Object>> org.springframework.boot.autoconfigure.web.BasicErrorController.error(javax.servlet.http.HttpServletRequest)
2018-05-09 11:36:30,141  INFO RequestMappingHandlerMapping:543 -Mapped "{[/error],produces=[text/html]}" onto public org.springframework.web.servlet.ModelAndView org.springframework.boot.autoconfigure.web.BasicErrorController.errorHtml(javax.servlet.http.HttpServletRequest,javax.servlet.http.HttpServletResponse)
2018-05-09 11:36:30,209  INFO SimpleUrlHandlerMapping:362 -Mapped URL path [/webjars/**] onto handler of type [class org.springframework.web.servlet.resource.ResourceHttpRequestHandler]
2018-05-09 11:36:30,209  INFO SimpleUrlHandlerMapping:362 -Mapped URL path [/**] onto handler of type [class org.springframework.web.servlet.resource.ResourceHttpRequestHandler]
2018-05-09 11:36:30,274  INFO SimpleUrlHandlerMapping:362 -Mapped URL path [/**/favicon.ico] onto handler of type [class org.springframework.web.servlet.resource.ResourceHttpRequestHandler]
2018-05-09 11:36:31,133  INFO OptionalLiveReloadServer:58 -LiveReload server is running on port 35729
2018-05-09 11:36:31,191  INFO AnnotationMBeanExporter:431 -Registering beans for JMX exposure on startup
2018-05-09 11:36:31,191  INFO AnnotationMBeanExporter:916 -Bean with name 'primaryDataSource' has been autodetected for JMX exposure
2018-05-09 11:36:31,192  INFO AnnotationMBeanExporter:916 -Bean with name 'slaveDataSource' has been autodetected for JMX exposure
2018-05-09 11:36:31,192  INFO AnnotationMBeanExporter:916 -Bean with name 'statFilter' has been autodetected for JMX exposure
2018-05-09 11:36:31,192  INFO AnnotationMBeanExporter:916 -Bean with name 'wallConfig' has been autodetected for JMX exposure
2018-05-09 11:36:31,193  INFO AnnotationMBeanExporter:916 -Bean with name 'wallFilter' has been autodetected for JMX exposure
2018-05-09 11:36:31,196  INFO AnnotationMBeanExporter:671 -Located MBean 'primaryDataSource': registering with JMX server as MBean [com.alibaba.druid.spring.boot.autoconfigure:name=primaryDataSource,type=DruidDataSourceWrapper]
2018-05-09 11:36:31,198  INFO AnnotationMBeanExporter:671 -Located MBean 'slaveDataSource': registering with JMX server as MBean [com.alibaba.druid.spring.boot.autoconfigure:name=slaveDataSource,type=DruidDataSourceWrapper]
2018-05-09 11:36:31,199  INFO AnnotationMBeanExporter:671 -Located MBean 'wallConfig': registering with JMX server as MBean [com.alibaba.druid.wall:name=wallConfig,type=WallConfig]
2018-05-09 11:36:31,200  INFO AnnotationMBeanExporter:671 -Located MBean 'wallFilter': registering with JMX server as MBean [com.alibaba.druid.wall:name=wallFilter,type=WallFilter]
2018-05-09 11:36:31,200  INFO AnnotationMBeanExporter:671 -Located MBean 'statFilter': registering with JMX server as MBean [com.alibaba.druid.filter.stat:name=statFilter,type=StatFilter]
2018-05-09 11:36:31,280  INFO TomcatEmbeddedServletContainer:201 -Tomcat started on port(s): 8080 (http)
2018-05-09 11:36:31,285  INFO BasicApplication:57 -Started BasicApplication in 9.945 seconds (JVM running for 15.303)
2018-05-09 11:36:59,118  INFO DispatcherServlet:489 -FrameworkServlet 'dispatcherServlet': initialization started
2018-05-09 11:36:59,237  INFO DispatcherServlet:508 -FrameworkServlet 'dispatcherServlet': initialization completed in 118 ms
2018-05-09 11:47:22,752  INFO DynamicDataSource:19 -数据源为primary
2018-05-09 11:47:25,566  INFO DruidDataSource:785 -{dataSource-1} inited
2018-05-09 11:47:25,572 DEBUG getPassword:159 -==>  Preparing: select password from user where username = ? 
2018-05-09 11:47:25,648 DEBUG getPassword:159 -==> Parameters: null
2018-05-09 11:47:25,706 DEBUG getPassword:159 -<==      Total: 0
2018-05-09 11:47:57,007  INFO DynamicDataSource:19 -数据源为primary
2018-05-09 11:47:57,009 DEBUG getPassword:159 -==>  Preparing: select password from user where username = ? 
2018-05-09 11:47:57,011 DEBUG getPassword:159 -==> Parameters: zhangsan(String)
2018-05-09 11:47:57,052 TRACE getPassword:165 -<==    Columns: password
2018-05-09 11:47:57,052 TRACE getPassword:165 -<==        Row: 123456
2018-05-09 11:47:57,053 DEBUG getPassword:159 -<==      Total: 1
